<?xml version="1.0" encoding="UTF-8" ?>
<testsuites>
  <testsuite errors="0" failures="0" hostname="Harshith" id="0" name="UserRegistrationTest" package="" skipped="0" tests="3" time="4.201" timestamp="2016-12-17T19:00:02">
      <properties>
[...]
</properties>

      <testcase classname="UserRegistrationTest" name="testEditUser" time="3.298" />

      <testcase classname="UserRegistrationTest" name="testAddUser" time="0.424" />

      <testcase classname="UserRegistrationTest" name="testDeleteUser" time="0.375" />

      <system-out><![CDATA[Connected to the database
MS Access Database
Connected to the database
queryupdate userregister set username='vinod',password='vinod',first_name='Mandya',last_name='Puttaraju',city='Bangalore',state='Karnataka',country='India' where id=66
Disconnected from database
query select username from userregister where username ='vinod' and first_name='Mandya'
MS Access Database
Connected to the database
queryinsert into userregister (username,first_name,last_name,city,state,country) values ('vinod','Mysore','Puttaraju','Bangalore','Karnataka','india')
Disconnected from database
Connected to the database
query select username from userregister where username ='vinod'
Connected to the database
MS Access Database
Connected to the database
querydelete from userregister  where id=66
Disconnected from database
query select username from userregister where id=66
]]></system-out>

      <system-err><![CDATA[]]></system-err>

  </testsuite>
</testsuites>
